Moved 10.0+Display+Grid.zip -> C:\Users\absentpirate\Downloads\Others
Moved 10.2+Grid+Placement.zip -> C:\Users\absentpirate\Downloads\Others
Moved 10.3+Mondrian+Project.zip -> C:\Users\absentpirate\Downloads\Others
Moved 11.0+Bootstrap+Intro.zip -> C:\Users\absentpirate\Downloads\Others
Moved 11.2+Bootstrap+Components.zip -> C:\Users\absentpirate\Downloads\Others
Moved 11.3+TinDog+Project.zip -> C:\Users\absentpirate\Downloads\Others
Moved 12202103_MOOC_UPDTEVNCertificate (1) (1).pdf -> C:\Users\absentpirate\Downloads\Documents
Moved 12202103_MOOC_UPDTEVNCertificate (1).pdf -> C:\Users\absentpirate\Downloads\Documents
Moved 12202103_MOOC_UPDTEVNCertificate.pdf -> C:\Users\absentpirate\Downloads\Documents
Moved 141420_1_GROW Phase 12.xls -> C:\Users\absentpirate\Downloads\Others
Moved 20250402_105603.jpg -> C:\Users\absentpirate\Downloads\Images
Moved 20250420_220449.mp4 -> C:\Users\absentpirate\Downloads\Videos
Moved 37014469.pdf -> C:\Users\absentpirate\Downloads\Documents
Moved 40003026_AL.exe -> C:\Users\absentpirate\Downloads\Others
Moved 450010905000535_zyan ullah khan_AssessmentCenterReport_163.pdf -> C:\Users\absentpirate\Downloads\Documents
Moved 5.1+Adding+CSS.zip -> C:\Users\absentpirate\Downloads\Others
Moved 5.3+CSS+Selectors.zip -> C:\Users\absentpirate\Downloads\Others
Moved 5.4+Color+Vocab+Project.zip -> C:\Users\absentpirate\Downloads\Others
Moved 6.0+CSS+Colors.zip -> C:\Users\absentpirate\Downloads\Others
Moved 6.1+Font+Properties.zip -> C:\Users\absentpirate\Downloads\Others
Moved 6.3+CSS+Box+Model.zip -> C:\Users\absentpirate\Downloads\Others
Moved 6.4+Motivation+Meme+Project.zip -> C:\Users\absentpirate\Downloads\Others
Moved 7.1+Combining+Selectors.zip -> C:\Users\absentpirate\Downloads\Others
Moved 7.2+CSS+Positioning.zip -> C:\Users\absentpirate\Downloads\Others
Moved 7.3+Flag+Project.zip -> C:\Users\absentpirate\Downloads\Others
Moved 8.1+CSS+Float.zip -> C:\Users\absentpirate\Downloads\Others
Moved 8.2+Responsiveness.zip -> C:\Users\absentpirate\Downloads\Others
Moved 8.3+Media+Query.zip -> C:\Users\absentpirate\Downloads\Others
Moved 8.4+Web+Design+Agency+Project.zip -> C:\Users\absentpirate\Downloads\Others
Moved 9.0+Display+Flex.zip -> C:\Users\absentpirate\Downloads\Others
Moved 9.1+Flex+Direction.zip -> C:\Users\absentpirate\Downloads\Others
Moved 9.4+Flexbox+Pricing+Table+Project.zip -> C:\Users\absentpirate\Downloads\Others
Moved A.pdf -> C:\Users\absentpirate\Downloads\Documents
Moved A1591756914_4_2025_IPR Format and Sample UPLOAD (1).zip -> C:\Users\absentpirate\Downloads\Others
Moved A537641241_28_2026_CA 1.pdf -> C:\Users\absentpirate\Downloads\Documents
Moved academic calendar 7th sem.pdf -> C:\Users\absentpirate\Downloads\Documents
Moved Academic Calendar for Full Time programmes with 28 July 2025 as commencement date (1).pdf -> C:\Users\absentpirate\Downloads\Documents
Moved Academic Calendar for Full Time programmes with 28 July 2025 as commencement date.pdf -> C:\Users\absentpirate\Downloads\Documents
Moved adhaar.pdf -> C:\Users\absentpirate\Downloads\Documents
Moved admission form.pdf -> C:\Users\absentpirate\Downloads\Documents
Moved Adobe Scan Feb 19, 2026.pdf -> C:\Users\absentpirate\Downloads\Documents
Moved Adobe Scan Jul 15, 2025.pdf -> C:\Users\absentpirate\Downloads\Documents
Moved advtTBRL02072025.pdf -> C:\Users\absentpirate\Downloads\Documents
Moved Anaconda3-2025.06-0-Windows-x86_64.exe -> C:\Users\absentpirate\Downloads\Others
Moved Annexure_6.0_Candidate_Instructions .pdf -> C:\Users\absentpirate\Downloads\Documents
Moved arduino-ide_2.3.4_Windows_64bit.exe -> C:\Users\absentpirate\Downloads\Others
Moved ArduinoUNOLibraryforProteus.zip -> C:\Users\absentpirate\Downloads\Others
Moved ArmouryCrateInstallTool.zip -> C:\Users\absentpirate\Downloads\Others
Moved banaglore_cair.docx -> C:\Users\absentpirate\Downloads\Documents
Moved bangalore cair.pdf -> C:\Users\absentpirate\Downloads\Documents
Moved base.stl -> C:\Users\absentpirate\Downloads\Others
Moved binkw32.dll (32-Bit).zip -> C:\Users\absentpirate\Downloads\Others
Moved BIO1.pdf -> C:\Users\absentpirate\Downloads\Documents
Moved BIO2.pdf -> C:\Users\absentpirate\Downloads\Documents
Moved blank.pdf -> C:\Users\absentpirate\Downloads\Documents
Moved BlockerX-Service-App-Setup-1.1.5.exe -> C:\Users\absentpirate\Downloads\Others
Moved BlueStacksInstaller_5.22.140.1032_native_d5743c082c911c5fe7f8d6c7db0b348b_MDs1LDM7MTUsMTsxNSw0OzE1LDU7MTU=.exe -> C:\Users\absentpirate\Downloads\Others
Moved BlueStacksInstaller_5.22.51.1038_native_eb992037bcc4acb110d0837dcdee10cd_MDs1LDM7MTUsMTsxNSw0OzE1LDU7MTU=.exe -> C:\Users\absentpirate\Downloads\Others
Moved Book1.csv -> C:\Users\absentpirate\Downloads\Others
Moved BraveBrowserSetup-BRV010.exe -> C:\Users\absentpirate\Downloads\Others
Moved BraveBrowserSetup-BRV011.exe -> C:\Users\absentpirate\Downloads\Others
Moved BrcmPatchRAM-2.7.0-RELEASE.zip -> C:\Users\absentpirate\Downloads\Others
Moved cairpdf.docx -> C:\Users\absentpirate\Downloads\Documents
Moved cairpdf.pdf -> C:\Users\absentpirate\Downloads\Documents
Moved cansat data.mp4 -> C:\Users\absentpirate\Downloads\Videos
Moved Cansat printing.rar -> C:\Users\absentpirate\Downloads\Others
Moved cansatdata-ezgif.com-video-to-gif-converter.gif -> C:\Users\absentpirate\Downloads\Images
Moved Carbon Frame.stl -> C:\Users\absentpirate\Downloads\Others
Moved Career Counselling Session on Internship Project Presentation Guidelines.pdf -> C:\Users\absentpirate\Downloads\Documents
Moved cdr buyout(1) (1).xlsx -> C:\Users\absentpirate\Downloads\Others
Moved CDR template.pdf -> C:\Users\absentpirate\Downloads\Documents
Moved CDR template.pptx -> C:\Users\absentpirate\Downloads\Documents
Moved CDR_presentation.pdf -> C:\Users\absentpirate\Downloads\Documents
Moved CDRŁ2024-ASI-ROCKETRY-047-R2.pdf -> C:\Users\absentpirate\Downloads\Documents
Moved certificate internship.pdf -> C:\Users\absentpirate\Downloads\Documents
Moved cheat-sheet.pdf -> C:\Users\absentpirate\Downloads\Documents
Moved check.txt -> C:\Users\absentpirate\Downloads\Documents
Moved checkp.txt -> C:\Users\absentpirate\Downloads\Documents
Moved ChromeSetup.exe -> C:\Users\absentpirate\Downloads\Others
Moved cisdem-appcrypt.exe -> C:\Users\absentpirate\Downloads\Others
Moved CMD Commands.txt -> C:\Users\absentpirate\Downloads\Documents
Moved code.txt -> C:\Users\absentpirate\Downloads\Documents
Moved CodeTantra.SEA-x64-3.2.0.exe -> C:\Users\absentpirate\Downloads\Others
Moved CodeTantra.SEA-x64-3.3.0.exe -> C:\Users\absentpirate\Downloads\Others
Moved code_1.114.0-1775036299_arm64.deb -> C:\Users\absentpirate\Downloads\Others
Moved Convergence.STL -> C:\Users\absentpirate\Downloads\Others
Moved coursera_project1.pdf -> C:\Users\absentpirate\Downloads\Documents
Moved coursera_project10.pdf -> C:\Users\absentpirate\Downloads\Documents
Moved coursera_project2.pdf -> C:\Users\absentpirate\Downloads\Documents
Moved coursera_project3.pdf -> C:\Users\absentpirate\Downloads\Documents
Moved coursera_project4.pdf -> C:\Users\absentpirate\Downloads\Documents
Moved coursera_project5.pdf -> C:\Users\absentpirate\Downloads\Documents
Moved coursera_project6.pdf -> C:\Users\absentpirate\Downloads\Documents
Moved coursera_project7.pdf -> C:\Users\absentpirate\Downloads\Documents
Moved coursera_project8.pdf -> C:\Users\absentpirate\Downloads\Documents
Moved coursera_project9.pdf -> C:\Users\absentpirate\Downloads\Documents
Moved CP210x_Universal_Windows_Driver.zip -> C:\Users\absentpirate\Downloads\Others
Moved CrealityPrint_6.0.1.1375_Release (1).exe -> C:\Users\absentpirate\Downloads\Others
Moved CrealityPrint_6.0.1.1375_Release.exe -> C:\Users\absentpirate\Downloads\Others
Moved Creality_Print-v4.3.8.7062-win64-Release.exe -> C:\Users\absentpirate\Downloads\Others
Moved Creality_Print-v5.1.6.10470-win64-Release.exe -> C:\Users\absentpirate\Downloads\Others
Moved Creality_Print-v5.1.7.10514-win64-Release.exe -> C:\Users\absentpirate\Downloads\Others
Moved Creality_Slicer-4.8.2-build-291-win64.exe -> C:\Users\absentpirate\Downloads\Others
Moved CRITICAL_DESIGN_REVIEW.pdf -> C:\Users\absentpirate\Downloads\Documents
Moved CV_12202103.pdf -> C:\Users\absentpirate\Downloads\Documents
Moved CV_202602131510069603_12202103.pdf -> C:\Users\absentpirate\Downloads\Documents
Moved death-whistle-x-death-is-no-more-slowed-reverb-blessed-mane-128-ytshorts.savetube.me.mp3 -> C:\Users\absentpirate\Downloads\Audio
Moved Deep Learning-Based Image Plagiarism Detection System.pptx -> C:\Users\absentpirate\Downloads\Documents
Moved delhi.mbtiles -> C:\Users\absentpirate\Downloads\Others
Moved desktop.ini -> C:\Users\absentpirate\Downloads\Others
Moved dfd.txt -> C:\Users\absentpirate\Downloads\Documents
Moved DGEngSetup6001631.exe -> C:\Users\absentpirate\Downloads\Others
Moved Dialnet-SoftwareBasedAFSKGenerationOnArduino-6828028.pdf -> C:\Users\absentpirate\Downloads\Documents
Moved dipr.pdf -> C:\Users\absentpirate\Downloads\Documents
Moved DiscordSetup.exe -> C:\Users\absentpirate\Downloads\Others
Moved distance.txt -> C:\Users\absentpirate\Downloads\Documents
Moved distanceFromCoordinates.zip -> C:\Users\absentpirate\Downloads\Others
Moved DLJ-INSTRUCTIONS FOR PROVISIONALLY SHORT LISTED CANDIDATES (1).pdf -> C:\Users\absentpirate\Downloads\Documents
Moved DLJ-INSTRUCTIONS FOR PROVISIONALLY SHORT LISTED CANDIDATES new.pdf -> C:\Users\absentpirate\Downloads\Documents
Moved DLJ-INSTRUCTIONS FOR PROVISIONALLY SHORT LISTED CANDIDATES.pdf -> C:\Users\absentpirate\Downloads\Documents
Moved dmde-4-2-4-818-win64-gui.zip -> C:\Users\absentpirate\Downloads\Others
Moved Documents - Shortcut.lnk -> C:\Users\absentpirate\Downloads\Others
Moved done.txt -> C:\Users\absentpirate\Downloads\Documents
Moved doublecheck.txt -> C:\Users\absentpirate\Downloads\Documents
Moved download.jpeg -> C:\Users\absentpirate\Downloads\Images
Moved download.pdf -> C:\Users\absentpirate\Downloads\Documents
Moved download.zip -> C:\Users\absentpirate\Downloads\Others
Moved ds_xbee-3-zigbee-3.pdf -> C:\Users\absentpirate\Downloads\Documents
Moved dxwebsetup.exe -> C:\Users\absentpirate\Downloads\Others
Moved e commerse store.zip -> C:\Users\absentpirate\Downloads\Others
Moved ece ca.docx -> C:\Users\absentpirate\Downloads\Documents
Moved ece ca.pdf -> C:\Users\absentpirate\Downloads\Documents
Moved EDUREV_Grade_362820648_12202103_9_2026_de4a3932.zip -> C:\Users\absentpirate\Downloads\Others
Moved eigen-3.4.0.zip -> C:\Users\absentpirate\Downloads\Others
Moved EN_Switch Button Number 1.gcode -> C:\Users\absentpirate\Downloads\Others
Moved esce129.pdf -> C:\Users\absentpirate\Downloads\Documents
Moved esp-idf-2.0-master.zip -> C:\Users\absentpirate\Downloads\Others
Moved Event Registration _ Eightfold.pdf -> C:\Users\absentpirate\Downloads\Documents
Moved examples-proteus.zip -> C:\Users\absentpirate\Downloads\Others
Moved external-ca-not-given.pdf -> C:\Users\absentpirate\Downloads\Documents
Moved final_letter_head.docx -> C:\Users\absentpirate\Downloads\Documents
Moved final_letter_head.pdf -> C:\Users\absentpirate\Downloads\Documents
Moved final_lor_dipr.pdf -> C:\Users\absentpirate\Downloads\Documents
Moved first.png -> C:\Users\absentpirate\Downloads\Images
Moved Flat Carbon Frame (160mm) (1).3mf -> C:\Users\absentpirate\Downloads\Others
Moved Flat Carbon Frame (160mm).3mf -> C:\Users\absentpirate\Downloads\Others
Moved fpv-drone-frame-purist-dc-5-6-1.snapshot.21.zip -> C:\Users\absentpirate\Downloads\Others
Moved frmCourseSyllabus.pdf -> C:\Users\absentpirate\Downloads\Documents
Moved frmExternalCertificates (1).aspx -> C:\Users\absentpirate\Downloads\Others
Moved frmExternalCertificates.aspx -> C:\Users\absentpirate\Downloads\Others
Moved FTO01L0J0CP00BL.h.txt -> C:\Users\absentpirate\Downloads\Documents
Moved gen doc.zip -> C:\Users\absentpirate\Downloads\Others
Moved GEN-331 Chapter report_12204101.pdf -> C:\Users\absentpirate\Downloads\Documents
Moved genca1.docx -> C:\Users\absentpirate\Downloads\Documents
Moved Gmail - Submission received for Assistive Technology (Submission ID_ 267846670).pdf -> C:\Users\absentpirate\Downloads\Documents
Moved Honors Lesson Rubric_ Project Schedule.pdf -> C:\Users\absentpirate\Downloads\Documents
Moved HoRNDIS-9.0.pkg -> C:\Users\absentpirate\Downloads\Others
Moved HoRNDIS-9.1.pkg -> C:\Users\absentpirate\Downloads\Others
Moved horndis-9.2 (1).pkg -> C:\Users\absentpirate\Downloads\Others
Moved HoRNDIS-9.2 (2).pkg -> C:\Users\absentpirate\Downloads\Others
Moved HoRNDIS-9.2.pkg -> C:\Users\absentpirate\Downloads\Others
Moved HoRNDIS-9.2.pkg.sig -> C:\Users\absentpirate\Downloads\Others
Moved HoRNDIS-master.zip -> C:\Users\absentpirate\Downloads\Others
Moved HoRNDIS-rel1.pkg -> C:\Users\absentpirate\Downloads\Others
Moved HoRNDIS-rel8.pkg -> C:\Users\absentpirate\Downloads\Others
Moved id.jpeg -> C:\Users\absentpirate\Downloads\Images
Moved id2.pdf -> C:\Users\absentpirate\Downloads\Documents
Moved IIT Mandi (Vinay2).obj -> C:\Users\absentpirate\Downloads\Others
Moved IIT Mandi (Vinay2).STL -> C:\Users\absentpirate\Downloads\Others
Moved Image Plagiarism Detection Using Deep Learning.docx -> C:\Users\absentpirate\Downloads\Documents
Moved image.jpg -> C:\Users\absentpirate\Downloads\Images
Moved imager_2.0.7.exe -> C:\Users\absentpirate\Downloads\Others
Moved IMG-20250413-WA0002.jpg -> C:\Users\absentpirate\Downloads\Images
Moved include.pdf -> C:\Users\absentpirate\Downloads\Documents
Moved info.zip -> C:\Users\absentpirate\Downloads\Others
Moved INT426.pdf -> C:\Users\absentpirate\Downloads\Documents
Moved internship engrs.zip -> C:\Users\absentpirate\Downloads\Others
Moved Internship Report-final.pdf -> C:\Users\absentpirate\Downloads\Documents
Moved Internship Report.docx -> C:\Users\absentpirate\Downloads\Documents
Moved Internship-Application form.docx -> C:\Users\absentpirate\Downloads\Documents
Moved internship-rms.zip -> C:\Users\absentpirate\Downloads\Others
Moved invensense-imu-main.zip -> C:\Users\absentpirate\Downloads\Others
Moved invoice-38846.pdf -> C:\Users\absentpirate\Downloads\Documents
Moved iOS project report.docx -> C:\Users\absentpirate\Downloads\Documents
Moved iOS project report.pdf -> C:\Users\absentpirate\Downloads\Documents
Moved IoT_CA2 (1).pdf -> C:\Users\absentpirate\Downloads\Documents
Moved iVCam_x64_v7.3.5.exe -> C:\Users\absentpirate\Downloads\Others
Moved jdk-24_windows-x64_bin.exe -> C:\Users\absentpirate\Downloads\Others
Moved jetbrains-toolbox-2.5.2.35332.exe -> C:\Users\absentpirate\Downloads\Others
Moved k d.pdf -> C:\Users\absentpirate\Downloads\Documents
Moved Letter - CANSAT.pdf -> C:\Users\absentpirate\Downloads\Documents
Moved Letter - Model Rocketry.docx -> C:\Users\absentpirate\Downloads\Documents
Moved Letter - Model Rocketry.pdf -> C:\Users\absentpirate\Downloads\Documents
Moved letter.docx -> C:\Users\absentpirate\Downloads\Documents
Moved letter.pdf -> C:\Users\absentpirate\Downloads\Documents
Moved Listofcertifications.pdf -> C:\Users\absentpirate\Downloads\Documents
Moved LockDownBrowserOEMSetup.exe -> C:\Users\absentpirate\Downloads\Others
Moved lor.pdf -> C:\Users\absentpirate\Downloads\Documents
Moved lpu important faculty.txt -> C:\Users\absentpirate\Downloads\Documents
Moved LPU1SebClientSettings.zip -> C:\Users\absentpirate\Downloads\Others
Moved MacOs BigSur 11.7.10 - litemint09.rdr -> C:\Users\absentpirate\Downloads\Others
Moved macOS Monterey12.7.6 - litemint09.rdr -> C:\Users\absentpirate\Downloads\Others
Moved mail.pdf -> C:\Users\absentpirate\Downloads\Documents
Moved mail_merged.pdf -> C:\Users\absentpirate\Downloads\Documents
Moved manuscript-anonymous-r0.pdf -> C:\Users\absentpirate\Downloads\Documents
Moved manuscript-r0.pdf -> C:\Users\absentpirate\Downloads\Documents
Moved map (1).osm -> C:\Users\absentpirate\Downloads\Others
Moved map (2).osm -> C:\Users\absentpirate\Downloads\Others
Moved map.osm -> C:\Users\absentpirate\Downloads\Others
Moved maptiler-engine-14.1-app-win-x64-setup.exe -> C:\Users\absentpirate\Downloads\Others
Moved maptiler-server-4.7.0-win-x64-setup (1).exe -> C:\Users\absentpirate\Downloads\Others
Moved maptiler-server-4.7.0-win-x64-setup.exe -> C:\Users\absentpirate\Downloads\Others
Moved maptiler-server-map-styles-and-samples-3.15.zip -> C:\Users\absentpirate\Downloads\Others
Moved Marble-setup_2.2.0-1_x64.exe -> C:\Users\absentpirate\Downloads\Others
Moved marketplace-100_Days_of_Code_-_The_Complete_Python_Pro_Bootcamp-9.zip -> C:\Users\absentpirate\Downloads\Others
Moved martin-x86_64-pc-windows-msvc.zip -> C:\Users\absentpirate\Downloads\Others
Moved Master 5 V2_3D-Print_Files_EN.zip -> C:\Users\absentpirate\Downloads\Others
Moved mediacreationtool.exe -> C:\Users\absentpirate\Downloads\Others
Moved mingw-get-setup.exe -> C:\Users\absentpirate\Downloads\Others
Moved MissionPlanner-latest.msi -> C:\Users\absentpirate\Downloads\Others
Moved Mobile Atlas Creator 2.3.3 (1).zip -> C:\Users\absentpirate\Downloads\Others
Moved Mobile Atlas Creator 2.3.3.zip -> C:\Users\absentpirate\Downloads\Others
Moved Modulo_RF.rar -> C:\Users\absentpirate\Downloads\Others
Moved monthly report format.pdf -> C:\Users\absentpirate\Downloads\Documents
Moved monthly report signed 1.pdf -> C:\Users\absentpirate\Downloads\Documents
Moved monthly report signed 1.png -> C:\Users\absentpirate\Downloads\Images
Moved monthly report signed 2.png -> C:\Users\absentpirate\Downloads\Images
Moved mpu6050.zip -> C:\Users\absentpirate\Downloads\Others
Moved MSB (1).exe -> C:\Users\absentpirate\Downloads\Others
Moved MSB.exe -> C:\Users\absentpirate\Downloads\Others
Moved MSSQUARE SP.xlsx -> C:\Users\absentpirate\Downloads\Others
Moved MSSQUARE TECHNOLOGIES 57799.xls -> C:\Users\absentpirate\Downloads\Others
Moved new details.xlsx -> C:\Users\absentpirate\Downloads\Others
Moved new.pdf -> C:\Users\absentpirate\Downloads\Documents
Moved newtranscript.pdf -> C:\Users\absentpirate\Downloads\Documents
Moved newtranscript[1].pdf -> C:\Users\absentpirate\Downloads\Documents
Moved new_check.txt -> C:\Users\absentpirate\Downloads\Documents
Moved new_paper.pdf -> C:\Users\absentpirate\Downloads\Documents
Moved night leave.xlsx -> C:\Users\absentpirate\Downloads\Others
Moved nikola-tesla-word-cloud-mwisdk4g27uo8cmp.jpg -> C:\Users\absentpirate\Downloads\Images
Moved nlopt-2.10.0.zip -> C:\Users\absentpirate\Downloads\Others
Moved noc.pdf -> C:\Users\absentpirate\Downloads\Documents
Moved node-v18.20.8-x64.msi -> C:\Users\absentpirate\Downloads\Others
Moved node-v22.13.0-x64.msi -> C:\Users\absentpirate\Downloads\Others
Moved node-v24.13.0-x64 (1).msi -> C:\Users\absentpirate\Downloads\Others
Moved node-v24.13.0-x64.msi -> C:\Users\absentpirate\Downloads\Others
Moved northern-zone-latest.osm.pbf -> C:\Users\absentpirate\Downloads\Others
Moved NoseConeAssly - NoseCone-1.STL -> C:\Users\absentpirate\Downloads\Others
Moved NoseConeAssly - NoseConeCover-1.STL -> C:\Users\absentpirate\Downloads\Others
Moved npp.8.8.5.Installer.x64.exe -> C:\Users\absentpirate\Downloads\Others
Moved NVIDIA_app_v11.0.1.189.exe -> C:\Users\absentpirate\Downloads\Others
Moved OBS-Studio-32.1.0-Windows-x64-Installer.exe -> C:\Users\absentpirate\Downloads\Others
Moved OCC.zip -> C:\Users\absentpirate\Downloads\Others
Moved OfficeSetup.exe -> C:\Users\absentpirate\Downloads\Others
Moved OJT_internship_policy_2024-25 (1).pdf -> C:\Users\absentpirate\Downloads\Documents
Moved OJT_internship_policy_2024-25.pdf -> C:\Users\absentpirate\Downloads\Documents
Moved one.pdf -> C:\Users\absentpirate\Downloads\Documents
Moved Oracle_VirtualBox_Extension_Pack-7.1.6.vbox-extpack -> C:\Users\absentpirate\Downloads\Others
Moved Order Confirmation - Evelta Electronics.pdf -> C:\Users\absentpirate\Downloads\Documents
Moved Order Details - 37014469 - Mouser.pdf -> C:\Users\absentpirate\Downloads\Documents
Moved osm-2020-02-10-v3.11_asia_india (1).mbtiles -> C:\Users\absentpirate\Downloads\Others
Moved osm-2020-02-10-v3.11_asia_india.mbtiles -> C:\Users\absentpirate\Downloads\Others
Moved osm_liberty.json -> C:\Users\absentpirate\Downloads\Others
Moved Pacifist_4.1.3.zip -> C:\Users\absentpirate\Downloads\Others
Moved pal-pal-slowed-reverb-afusic-prod-by-alisoomromusic-solo-logi-lofi-vibes-128-ytshorts.savetube.me.mp3 -> C:\Users\absentpirate\Downloads\Audio
Moved Part1.SLDPRT -> C:\Users\absentpirate\Downloads\Others
Moved patentethics.pdf -> C:\Users\absentpirate\Downloads\Documents
Moved photo_2026-04-03_14-41-46.jpg -> C:\Users\absentpirate\Downloads\Images
Moved pol report.docx -> C:\Users\absentpirate\Downloads\Documents
Moved pp.pdf -> C:\Users\absentpirate\Downloads\Documents
Moved prajwal2020.pdf -> C:\Users\absentpirate\Downloads\Documents
Moved Profile.pdf -> C:\Users\absentpirate\Downloads\Documents
Moved project1.zip -> C:\Users\absentpirate\Downloads\Others
Moved project3 final.zip -> C:\Users\absentpirate\Downloads\Others
Moved Proteus 8.13 SP0 Pro.zip -> C:\Users\absentpirate\Downloads\Others
Moved python-3.13.1-amd64.exe -> C:\Users\absentpirate\Downloads\Others
Moved QGIS-OSGeo4W-3.40.14-1.msi -> C:\Users\absentpirate\Downloads\Others
Moved qt-creator-opensource-windows-x86_64-17.0.1.exe -> C:\Users\absentpirate\Downloads\Others
Moved qt-online-installer-windows-x64-4.10.0 (1).exe -> C:\Users\absentpirate\Downloads\Others
Moved qt-online-installer-windows-x64-4.10.0.exe -> C:\Users\absentpirate\Downloads\Others
Moved rcsetup154.exe -> C:\Users\absentpirate\Downloads\Others
Moved RDriveImage7 old (1).exe -> C:\Users\absentpirate\Downloads\Others
Moved reaction_wheel_mk2 v1.IGS -> C:\Users\absentpirate\Downloads\Others
Moved RealtekRTL8111-V2.5.0.zip -> C:\Users\absentpirate\Downloads\Others
Moved Recording 2025-05-02 220630.mp4 -> C:\Users\absentpirate\Downloads\Videos
Moved research paper.docx -> C:\Users\absentpirate\Downloads\Documents
Moved results_pdf.pdf -> C:\Users\absentpirate\Downloads\Documents
Moved results_text.txt -> C:\Users\absentpirate\Downloads\Documents
Moved Rhino DC Servo 2303 Config Setup.exe -> C:\Users\absentpirate\Downloads\Others
Moved RITM0012687_PDR.pdf -> C:\Users\absentpirate\Downloads\Documents
Moved RMCS2303drive_V2.zip -> C:\Users\absentpirate\Downloads\Others
Moved rms.zip -> C:\Users\absentpirate\Downloads\Others
Moved RobloxPlayerInstaller.exe -> C:\Users\absentpirate\Downloads\Others
Moved rostia-demo.zip -> C:\Users\absentpirate\Downloads\Others
Moved rptBonafideCertificateOnline.pdf -> C:\Users\absentpirate\Downloads\Documents
Moved RptStudentfeeReceipt (1).pdf -> C:\Users\absentpirate\Downloads\Documents
Moved RptStudentfeeReceipt.pdf -> C:\Users\absentpirate\Downloads\Documents
Moved rptTimeTableStudent.pdf -> C:\Users\absentpirate\Downloads\Documents
Moved rufus-4.12.exe -> C:\Users\absentpirate\Downloads\Others
Moved rufus-4.7.exe -> C:\Users\absentpirate\Downloads\Others
Moved rustdesk-1.4.5-x86_64.exe -> C:\Users\absentpirate\Downloads\Others
Moved R_Art_44025-10.pdf -> C:\Users\absentpirate\Downloads\Documents
Moved SAB (1).exe -> C:\Users\absentpirate\Downloads\Others
Moved SAB.exe -> C:\Users\absentpirate\Downloads\Others
Moved sabtool_win8_10_11_v170530.zip -> C:\Users\absentpirate\Downloads\Others
Moved Sales_NM_SP_2425_3789.pdf -> C:\Users\absentpirate\Downloads\Documents
Moved sanam-re-slowed-reverbed-song-arijit-singh-128-ytshorts.savetube.me.mp3 -> C:\Users\absentpirate\Downloads\Audio
Moved SAP2024Certification20260303-31-un9un5.pdf -> C:\Users\absentpirate\Downloads\Documents
Moved Screenshot_20250421_220848.jpg -> C:\Users\absentpirate\Downloads\Images
Moved Screenshot_20250421_220930.jpg -> C:\Users\absentpirate\Downloads\Images
Moved SEB_3.10.1.864_SetupBundle.exe -> C:\Users\absentpirate\Downloads\Others
Moved send.zip -> C:\Users\absentpirate\Downloads\Others
Moved Shortlisting for Zyan (2).xlsx -> C:\Users\absentpirate\Downloads\Others
Moved sign.png -> C:\Users\absentpirate\Downloads\Images
Moved Smart-India-Hackathon_PROBLEM-STATEMENTS.pdf -> C:\Users\absentpirate\Downloads\Documents
Moved Solid_Works_Professional_Course__By_Meraj_H_Ansari_1739817763816.pdf -> C:\Users\absentpirate\Downloads\Documents
Moved StayFree - Screen Time & App Limits Installer.exe -> C:\Users\absentpirate\Downloads\Others
Moved Student_Detaills_(1)[1][1].docx -> C:\Users\absentpirate\Downloads\Documents
Moved Student_Detaills_(1)[1][1].pdf -> C:\Users\absentpirate\Downloads\Documents
Moved submission paper.pdf -> C:\Users\absentpirate\Downloads\Documents
Moved Switch Button Number 1.STL -> C:\Users\absentpirate\Downloads\Others
Moved Switch Button Number 2.SLDPRT -> C:\Users\absentpirate\Downloads\Others
Moved Switch Button Number 5.SLDPRT -> C:\Users\absentpirate\Downloads\Others
Moved SX1278 LoRa Module 433M 10KM Ra-02 Original Ai.rar -> C:\Users\absentpirate\Downloads\Others
Moved takeout-20260317T140242Z-3-001.zip -> C:\Users\absentpirate\Downloads\Others
Moved Team details collection form for Finale.xlsx -> C:\Users\absentpirate\Downloads\Others
Moved Terminal20130116.rar -> C:\Users\absentpirate\Downloads\Others
Moved terms.pdf -> C:\Users\absentpirate\Downloads\Documents
Moved Test Frame nr.3 (160mm).3mf -> C:\Users\absentpirate\Downloads\Others
Moved test1.txt.txt -> C:\Users\absentpirate\Downloads\Documents
Moved test2.txt.txt -> C:\Users\absentpirate\Downloads\Documents
Moved Test_box_lid_mk1.edited v1 (1).stl -> C:\Users\absentpirate\Downloads\Others
Moved Test_box_lid_mk1.edited v1 (2).stl -> C:\Users\absentpirate\Downloads\Others
Moved Test_box_lid_mk1.edited v1.iges -> C:\Users\absentpirate\Downloads\Others
Moved Test_box_lid_mk1.edited v1.stl -> C:\Users\absentpirate\Downloads\Others
Moved Test_box_mk1 v1.iges -> C:\Users\absentpirate\Downloads\Others
Moved TL-WN725N_V3_191229_Mac 10.15.zip -> C:\Users\absentpirate\Downloads\Others
Moved TL-WN7xxN_EUUSES_V3_191211_Mac10.15 (1).zip -> C:\Users\absentpirate\Downloads\Others
Moved TL-WN7xxN_EUUSES_V3_191211_Mac10.15.zip -> C:\Users\absentpirate\Downloads\Others
Moved TLauncher-Installer-1.8.3.exe -> C:\Users\absentpirate\Downloads\Others
Moved transcript.pdf -> C:\Users\absentpirate\Downloads\Documents
Moved tsetup-x64.5.15.2(1).exe -> C:\Users\absentpirate\Downloads\Others
Moved tsetup-x64.5.15.2.exe -> C:\Users\absentpirate\Downloads\Others
Moved tsetup-x64.6.3.1.exe -> C:\Users\absentpirate\Downloads\Others
Moved two.jpg -> C:\Users\absentpirate\Downloads\Images
Moved UltiMaker-Cura-5.9.0-win64-X64.exe -> C:\Users\absentpirate\Downloads\Others
Moved Unit 1-ECE129.pptx -> C:\Users\absentpirate\Downloads\Documents
Moved Unit 2-ECE129.pptx -> C:\Users\absentpirate\Downloads\Documents
Moved Unit 3-ECE129.pptx -> C:\Users\absentpirate\Downloads\Documents
Moved Unlocker-v2.0.1-x64.zip -> C:\Users\absentpirate\Downloads\Others
Moved utorrent_installer.exe -> C:\Users\absentpirate\Downloads\Others
Moved VC_redist.x64.exe -> C:\Users\absentpirate\Downloads\Others
Moved videoplayback.mp4 -> C:\Users\absentpirate\Downloads\Videos
Moved ViewPDF.pdf -> C:\Users\absentpirate\Downloads\Documents
Moved VirtualBox-7.1.6-167084-Win.exe -> C:\Users\absentpirate\Downloads\Others
Moved VirtualIDCard.pdf -> C:\Users\absentpirate\Downloads\Documents
Moved VirtualIDCard_12202103 (1).pdf -> C:\Users\absentpirate\Downloads\Documents
Moved VirtualIDCard_12202103.pdf -> C:\Users\absentpirate\Downloads\Documents
Moved VisualStudioSetup.exe -> C:\Users\absentpirate\Downloads\Others
Moved VMware-Tools-darwin-11.3.5-18557794.zip -> C:\Users\absentpirate\Downloads\Others
Moved VMware-workstation-full-17.6.2-24409262.exe -> C:\Users\absentpirate\Downloads\Others
Moved vmware-workstation-player-16.1.1-installer.exe -> C:\Users\absentpirate\Downloads\Others
Moved vmware-workstation-player-16.1.1-installer_xLG-7j1.exe -> C:\Users\absentpirate\Downloads\Others
Moved VSCodeUserSetup-x64-1.101.1.exe -> C:\Users\absentpirate\Downloads\Others
Moved VSCodeUserSetup-x64-1.96.4.exe -> C:\Users\absentpirate\Downloads\Others
Moved wearable_navigation_review (1).docx -> C:\Users\absentpirate\Downloads\Documents
Moved wearable_navigation_review.docx -> C:\Users\absentpirate\Downloads\Documents
Moved webfontkit-20250208-112211.zip -> C:\Users\absentpirate\Downloads\Others
Moved WhatsApp Image 2025-06-27 at 14.17.59_0340a669.jpg -> C:\Users\absentpirate\Downloads\Images
Moved WhatsApp Image 2025-06-27 at 14.18.05_0c0e7498.jpg -> C:\Users\absentpirate\Downloads\Images
Moved WhatsApp Image 2026-01-09 at 09.13.42.jpeg -> C:\Users\absentpirate\Downloads\Images
Moved WhatsApp Installer.exe -> C:\Users\absentpirate\Downloads\Others
Moved WhatsApp Video 2025-05-21 at 16.51.38_dfe1f432.mp4 -> C:\Users\absentpirate\Downloads\Videos
Moved WhatsAppVideo2025-07-13at11.26.08_f82fdc0e-ezgif.com-video-to-gif-converter.gif -> C:\Users\absentpirate\Downloads\Images
Moved winrar-x64-713.exe -> C:\Users\absentpirate\Downloads\Others
Moved Wireless Communication Using RF Modules with Arduino in.pptx -> C:\Users\absentpirate\Downloads\Documents
Moved Wireless.USB.Big.Sur.Adapter-V18 (1).zip -> C:\Users\absentpirate\Downloads\Others
Moved Wireless.USB.Big.Sur.Adapter-V18.zip -> C:\Users\absentpirate\Downloads\Others
Moved Wireless.USB.OC.Big.Sur.Adapter-V17.zip -> C:\Users\absentpirate\Downloads\Others
Moved wre.txt -> C:\Users\absentpirate\Downloads\Documents
Moved xth.pdf -> C:\Users\absentpirate\Downloads\Documents
Moved Zyan.pdf -> C:\Users\absentpirate\Downloads\Documents
Moved zyan_writingtask1_writingtask2.pdf -> C:\Users\absentpirate\Downloads\Documents
Moved ~$Deep Learning-Based Image Plagiarism Detection System.pptx -> C:\Users\absentpirate\Downloads\Documents
Moved ~$genca1.docx -> C:\Users\absentpirate\Downloads\Documents
Moved ~$S project report.docx -> C:\Users\absentpirate\Downloads\Documents
